2025-03-23 21:06:12,575 - website_indexer - INFO - Successfully read robots.txt
2025-03-23 21:06:12,575 - website_indexer - INFO - Output directory created: mykasher.com_20250323_210612
2025-03-23 21:06:12,575 - website_indexer - INFO - Starting crawl of https://mykasher.com
2025-03-23 21:06:12,584 - website_indexer - INFO - Processing: https://mykasher.com
2025-03-23 21:06:13,099 - website_indexer - INFO - Saved: mykasher.com_20250323_210612/index.md
2025-03-23 21:06:14,108 - website_indexer - INFO - Processing: https://mykasher.com/products/titanium-kasher-360%C2%AE-naar-edition?_pos=1&_sid=805660fa6&_ss=r&variant=50897323720978
2025-03-23 21:06:14,348 - website_indexer - INFO - Saved: mykasher.com_20250323_210612/products/titanium-kasher-360®-torch-naar-edition-–-mykasher.md
2025-03-23 21:06:15,355 - website_indexer - INFO - Processing: https://mykasher.com/products/kasher-360-titanium%C2%AE?variant=50820536402194
2025-03-23 21:06:15,629 - website_indexer - INFO - Saved: mykasher.com_20250323_210612/products/titanium-kasher-360®---metallic-edition-–-mykasher.md
2025-03-23 21:06:16,636 - website_indexer - INFO - Processing: https://mykasher.com/products/cookies-x-kasher-collab-limited-edition
2025-03-23 21:06:16,863 - website_indexer - INFO - Saved: mykasher.com_20250323_210612/products/cookies-x-kasher-collab-limited-edition-–-mykasher.md
2025-03-23 21:06:17,870 - website_indexer - INFO - Processing: https://mykasher.com/collections/kasher-vip-subscription-box
2025-03-23 21:06:18,089 - website_indexer - INFO - Saved: mykasher.com_20250323_210612/collections/kasher-vip-subscription-box-–-mykasher.md
2025-03-23 21:06:19,096 - website_indexer - INFO - Processing: https://mykasher.com/products/kasher-pipe-combo-kit
2025-03-23 21:06:19,355 - website_indexer - INFO - Saved: mykasher.com_20250323_210612/products/pipe-n'-a-kasher-–-mykasher.md
2025-03-23 21:06:20,358 - website_indexer - INFO - Processing: https://mykasher.com/collections/bundles-3-5-10-packs
2025-03-23 21:06:20,619 - website_indexer - INFO - Saved: mykasher.com_20250323_210612/collections/bundles-–-mykasher.md
2025-03-23 21:06:21,626 - website_indexer - INFO - Processing: https://mykasher.com/products/kasher-plus-lighter-tool
2025-03-23 21:06:21,888 - website_indexer - INFO - Saved: mykasher.com_20250323_210612/products/kasher-classic-–-mykasher.md
2025-03-23 21:06:22,896 - website_indexer - INFO - Processing: https://mykasher.com/products/kasher-eklipse-clipper-lighter-poker-extension-attachment
2025-03-23 21:06:23,128 - website_indexer - INFO - Saved: mykasher.com_20250323_210612/products/kasher-360-–-mykasher.md
2025-03-23 21:06:24,136 - website_indexer - INFO - Processing: https://mykasher.com/products/custom-kasher%C2%AE-lighter-tools
2025-03-23 21:06:24,423 - website_indexer - INFO - Saved: mykasher.com_20250323_210612/products/custom-kasher®-lighter-tools-–-mykasher.md
2025-03-23 21:06:25,427 - website_indexer - INFO - Processing: https://mykasher.com/products/ez-reach-bic-snoop-martha-edition
2025-03-23 21:06:25,693 - website_indexer - INFO - Saved: mykasher.com_20250323_210612/products/ez-reach-bic-candle-lighter-w-kasher-lighter-tools---2-pack-–-mykasher.md
2025-03-23 21:06:26,700 - website_indexer - INFO - Processing: https://mykasher.com/products/kasher-plus-cutout
2025-03-23 21:06:26,934 - website_indexer - INFO - Saved: mykasher.com_20250323_210612/products/kasher-cutout-–-mykasher.md
2025-03-23 21:06:27,940 - website_indexer - INFO - Processing: https://mykasher.com/products/kasher-mini-compact-lighter-tool
2025-03-23 21:06:28,184 - website_indexer - INFO - Saved: mykasher.com_20250323_210612/products/kasher-mini-–-mykasher.md
2025-03-23 21:06:29,190 - website_indexer - INFO - Processing: https://mykasher.com/products/cheech-chong-kasher-lighter-combo
2025-03-23 21:06:29,394 - website_indexer - INFO - Saved: mykasher.com_20250323_210612/products/cheech-&-chong-kasher-&-lighter-combo-–-mykasher.md
2025-03-23 21:06:30,402 - website_indexer - INFO - Processing: https://mykasher.com/collections/shop-kasher/products/kasher-green-leaf
2025-03-23 21:06:30,652 - website_indexer - INFO - Saved: mykasher.com_20250323_210612/collections/shop-kasher/products/kasher-leaf-–-mykasher.md
2025-03-23 21:06:31,660 - website_indexer - INFO - Processing: https://mykasher.com/products/360-leaf2
2025-03-23 21:06:31,890 - website_indexer - INFO - Saved: mykasher.com_20250323_210612/products/kasher-360-leaf-–-mykasher.md
2025-03-23 21:06:32,897 - website_indexer - INFO - Processing: https://mykasher.com/collections/kasher-cities
2025-03-23 21:06:33,091 - website_indexer - INFO - Saved: mykasher.com_20250323_210612/collections/kasher-cities-–-mykasher.md
2025-03-23 21:06:34,099 - website_indexer - INFO - Processing: https://mykasher.com/products/american-flag-kasher-lighter-tool-bic-attachment-min-2
2025-03-23 21:06:34,313 - website_indexer - INFO - Saved: mykasher.com_20250323_210612/products/kasher-flag-–-mykasher.md
2025-03-23 21:06:35,320 - website_indexer - INFO - Processing: https://mykasher.com/collections/kasher-psychedelic
2025-03-23 21:06:35,530 - website_indexer - INFO - Saved: mykasher.com_20250323_210612/collections/kasher-psychedelic-–-mykasher.md
2025-03-23 21:06:36,538 - website_indexer - INFO - Processing: https://mykasher.com/collections/kasher-camo
2025-03-23 21:06:36,786 - website_indexer - INFO - Saved: mykasher.com_20250323_210612/collections/kasher-camo-–-mykasher.md
2025-03-23 21:06:37,792 - website_indexer - INFO - Processing: https://mykasher.com/products/mandala-kasher
2025-03-23 21:06:38,055 - website_indexer - INFO - Saved: mykasher.com_20250323_210612/products/kasher-mandala-–-mykasher.md
2025-03-23 21:06:39,062 - website_indexer - INFO - Processing: https://mykasher.com/collections/kasher-military
2025-03-23 21:06:39,286 - website_indexer - INFO - Saved: mykasher.com_20250323_210612/collections/kasher-military-–-mykasher.md
2025-03-23 21:06:40,293 - website_indexer - INFO - Processing: https://mykasher.com/products/rasta-lion
2025-03-23 21:06:40,507 - website_indexer - INFO - Saved: mykasher.com_20250323_210612/products/rasta-lion-–-mykasher.md
2025-03-23 21:06:41,514 - website_indexer - INFO - Processing: https://mykasher.com/products/sacred-geometry-kasher-lighter-attachment-poker
2025-03-23 21:06:41,747 - website_indexer - INFO - Saved: mykasher.com_20250323_210612/products/kasher-sacred-geometry-–-mykasher.md
2025-03-23 21:06:42,754 - website_indexer - INFO - Processing: https://mykasher.com/collections/kasher-zodiac
2025-03-23 21:06:43,008 - website_indexer - INFO - Saved: mykasher.com_20250323_210612/collections/kasher-zodiac-–-mykasher.md
2025-03-23 21:06:44,011 - website_indexer - INFO - Processing: https://mykasher.com/collections/titanium
2025-03-23 21:06:44,225 - website_indexer - INFO - Saved: mykasher.com_20250323_210612/collections/titanium-–-mykasher.md
2025-03-23 21:06:45,233 - website_indexer - INFO - Processing: https://mykasher.com/products/kashermetallic
2025-03-23 21:06:45,633 - website_indexer - INFO - Saved: mykasher.com_20250323_210612/products/kasher-metallic-•-metal-clipper-lighter-attachment-tool-–-mykasher.md
2025-03-23 21:06:46,640 - website_indexer - INFO - Processing: https://mykasher.com/products/kasher-necklace
2025-03-23 21:06:47,210 - website_indexer - INFO - Saved: mykasher.com_20250323_210612/products/kasher®-necklace-–-mykasher.md
2025-03-23 21:06:48,217 - website_indexer - INFO - Processing: https://mykasher.com/products/kasher-keychain
2025-03-23 21:06:48,467 - website_indexer - INFO - Saved: mykasher.com_20250323_210612/products/kasher-keychain-–-mykasher.md
2025-03-23 21:06:49,471 - website_indexer - INFO - Processing: https://mykasher.com/products/angela-mazzanti-rolling-tray
2025-03-23 21:06:49,733 - website_indexer - INFO - Saved: mykasher.com_20250323_210612/products/angela-mazzanti-rolling-tray-+-free-kasher-–-mykasher.md
2025-03-23 21:06:50,741 - website_indexer - INFO - Processing: https://mykasher.com/collections/cheech-chong
2025-03-23 21:06:51,021 - website_indexer - INFO - Saved: mykasher.com_20250323_210612/collections/cheech-&-chong-–-mykasher.md
2025-03-23 21:06:52,029 - website_indexer - INFO - Processing: https://mykasher.com/products/official-steve-caprio-x-kasher-collab-limited-edition
2025-03-23 21:06:52,298 - website_indexer - INFO - Saved: mykasher.com_20250323_210612/products/official-steve-caprio-x-kasher-collab---limited-edition-–-mykasher.md
2025-03-23 21:06:53,306 - website_indexer - INFO - Processing: https://mykasher.com/products/cannabis-now-kasher
2025-03-23 21:06:53,580 - website_indexer - INFO - Saved: mykasher.com_20250323_210612/products/cannabis-now-kasher-–-mykasher.md
2025-03-23 21:06:54,587 - website_indexer - INFO - Processing: https://mykasher.com/products/angela-mazzanti-kasher
2025-03-23 21:06:54,801 - website_indexer - INFO - Saved: mykasher.com_20250323_210612/products/angela-mazzanti-–-mykasher.md
2025-03-23 21:06:55,808 - website_indexer - INFO - Processing: https://mykasher.com/collections/private-label-lighters/Clipper
2025-03-23 21:06:56,096 - website_indexer - INFO - Saved: mykasher.com_20250323_210612/collections/private-label-lighters/private-label-lighters-–-tagged-clipper-–-mykasher.md
2025-03-23 21:06:57,103 - website_indexer - INFO - Processing: https://mykasher.com/pages/what-is-a-kasher
2025-03-23 21:06:57,302 - website_indexer - INFO - Saved: mykasher.com_20250323_210612/pages/what-is-a-kasher-–-mykasher.md
2025-03-23 21:06:58,310 - website_indexer - INFO - Processing: https://mykasher.com/pages/kasher-tips-tricks
2025-03-23 21:06:58,518 - website_indexer - INFO - Saved: mykasher.com_20250323_210612/pages/kasher®-tips-&-tricks-–-mykasher.md
2025-03-23 21:06:59,526 - website_indexer - INFO - Processing: https://mykasher.com/pages/about-us
2025-03-23 21:06:59,740 - website_indexer - INFO - Saved: mykasher.com_20250323_210612/pages/about-us-–-mykasher.md
2025-03-23 21:07:00,746 - website_indexer - INFO - Processing: https://mykasher.com/pages/faqs-1
2025-03-23 21:07:00,982 - website_indexer - INFO - Saved: mykasher.com_20250323_210612/pages/kasher-faqs-–-mykasher.md
2025-03-23 21:07:01,985 - website_indexer - INFO - Processing: https://mykasher.com/pages/wholesale-inquiry
2025-03-23 21:07:02,211 - website_indexer - INFO - Saved: mykasher.com_20250323_210612/pages/wholesale-inquiry-fill-out-the-form-below-to-view-wholesale-products-–-mykasher.md
2025-03-23 21:07:03,218 - website_indexer - INFO - Processing: https://mykasher.com/pages/custom-kasher-tools
2025-03-23 21:07:03,460 - website_indexer - INFO - Saved: mykasher.com_20250323_210612/pages/high-quality-engraving-of-your-logo-on-kasher-lighter-tool-–-mykasher.md
2025-03-23 21:07:04,465 - website_indexer - INFO - Processing: https://mykasher.com/collections/wholesale
2025-03-23 21:07:04,798 - website_indexer - INFO - Saved: mykasher.com_20250323_210612/collections/wholesale-(à-la-carte)-–-mykasher.md
2025-03-23 21:07:05,805 - website_indexer - INFO - Processing: https://mykasher.com/pages/contact-us
2025-03-23 21:07:06,138 - website_indexer - INFO - Saved: mykasher.com_20250323_210612/pages/contact-us-–-mykasher.md
2025-03-23 21:07:07,148 - website_indexer - INFO - Processing: https://mykasher.com/account
2025-03-23 21:07:07,149 - website_indexer - WARNING - Robots.txt disallows fetching: https://mykasher.com/account
2025-03-23 21:07:08,151 - website_indexer - INFO - Processing: https://mykasher.com/products/kasher-vip-subscription-box
2025-03-23 21:07:08,415 - website_indexer - INFO - Saved: mykasher.com_20250323_210612/products/kasher-vip-subscription-box-–-mykasher.md
2025-03-23 21:07:09,422 - website_indexer - INFO - Processing: https://mykasher.com/collections/apparel-and-bundles/Cookies-x-Kasher-Collab
2025-03-23 21:07:09,864 - website_indexer - INFO - Saved: mykasher.com_20250323_210612/collections/apparel-and-bundles/new-arrivals-–-mykasher.md
2025-03-23 21:07:10,872 - website_indexer - INFO - Processing: https://mykasher.com/collections/shop-kasher
2025-03-23 21:07:11,198 - website_indexer - INFO - Saved: mykasher.com_20250323_210612/collections/shop-kasher-–-mykasher.md
2025-03-23 21:07:12,203 - website_indexer - INFO - Processing: https://mykasher.com/pages/classic-kasher-lighter-tools
2025-03-23 21:07:12,469 - website_indexer - INFO - Saved: mykasher.com_20250323_210612/pages/classic-kasher-lighter-tools-–-mykasher.md
2025-03-23 21:07:13,476 - website_indexer - INFO - Processing: https://mykasher.com/collections/special-edition
2025-03-23 21:07:13,795 - website_indexer - INFO - Saved: mykasher.com_20250323_210612/collections/special-edition-–-mykasher.md
2025-03-23 21:07:14,802 - website_indexer - INFO - Processing: https://mykasher.com/collections/kasher-titanium
2025-03-23 21:07:15,090 - website_indexer - INFO - Saved: mykasher.com_20250323_210612/collections/luxury-–-mykasher.md
2025-03-23 21:07:16,098 - website_indexer - INFO - Processing: https://mykasher.com/collections/collaborations
2025-03-23 21:07:16,369 - website_indexer - INFO - Saved: mykasher.com_20250323_210612/collections/collaborations-–-mykasher.md
2025-03-23 21:07:17,372 - website_indexer - INFO - Processing: https://mykasher.com/
2025-03-23 21:07:17,546 - website_indexer - INFO - Saved: mykasher.com_20250323_210612/index.md
2025-03-23 21:07:18,554 - website_indexer - INFO - Processing: https://mykasher.com/search
2025-03-23 21:07:18,554 - website_indexer - WARNING - Robots.txt disallows fetching: https://mykasher.com/search
2025-03-23 21:07:19,556 - website_indexer - INFO - Processing: https://mykasher.com/cart
2025-03-23 21:07:19,557 - website_indexer - WARNING - Robots.txt disallows fetching: https://mykasher.com/cart
2025-03-23 21:07:20,563 - website_indexer - INFO - Processing: https://mykasher.com/products/kasher-classic-5-pack
2025-03-23 21:07:20,812 - website_indexer - INFO - Saved: mykasher.com_20250323_210612/products/kasher-classic-5-pack-–-mykasher.md
2025-03-23 21:07:21,821 - website_indexer - INFO - Processing: https://mykasher.com/collections/kasher-metallic/products/kashermetallic
2025-03-23 21:07:22,225 - website_indexer - INFO - Saved: mykasher.com_20250323_210612/collections/kasher-metallic/products/kasher-metallic-•-metal-clipper-lighter-attachment-tool-–-mykasher.md
2025-03-23 21:07:23,232 - website_indexer - INFO - Processing: https://mykasher.com/collections/kasher-metallic/products/kasher-necklace
2025-03-23 21:07:23,484 - website_indexer - INFO - Saved: mykasher.com_20250323_210612/collections/kasher-metallic/products/kasher®-necklace-–-mykasher.md
2025-03-23 21:07:24,492 - website_indexer - INFO - Processing: https://mykasher.com/collections/kasher-metallic/products/kasher-vip-subscription-box
2025-03-23 21:07:24,795 - website_indexer - INFO - Saved: mykasher.com_20250323_210612/collections/kasher-metallic/products/kasher-vip-subscription-box-–-mykasher.md
2025-03-23 21:07:25,802 - website_indexer - INFO - Processing: https://mykasher.com/collections/kasher-metallic/products/kasher-bundle-3
2025-03-23 21:07:26,049 - website_indexer - INFO - Saved: mykasher.com_20250323_210612/collections/kasher-metallic/products/kasher-bundle-#3-–-mykasher.md
2025-03-23 21:07:27,057 - website_indexer - INFO - Processing: https://mykasher.com/collections/kasher-metallic/products/cheech-chong-kasher-necklace
2025-03-23 21:07:27,281 - website_indexer - INFO - Saved: mykasher.com_20250323_210612/collections/kasher-metallic/products/cheech-&-chong-kasher-necklace-–-mykasher.md
2025-03-23 21:07:28,289 - website_indexer - INFO - Processing: https://mykasher.com/collections/kasher-metallic/products/kasher-metallic-black-gold-edition
2025-03-23 21:07:28,542 - website_indexer - INFO - Saved: mykasher.com_20250323_210612/collections/kasher-metallic/products/kasher-metallic-•-metal-clipper-lighter-attachment-tool-–-mykasher.md
2025-03-23 21:07:29,549 - website_indexer - INFO - Processing: https://mykasher.com/collections/kasher-metallic/products/kasher-360-titanium%C2%AE
2025-03-23 21:07:29,798 - website_indexer - INFO - Saved: mykasher.com_20250323_210612/collections/kasher-metallic/products/titanium-kasher-360®---metallic-edition-–-mykasher.md
2025-03-23 21:07:30,802 - website_indexer - INFO - Processing: https://mykasher.com/collections/kasher-metallic
2025-03-23 21:07:31,048 - website_indexer - INFO - Saved: mykasher.com_20250323_210612/collections/kasher-metallic-–-mykasher.md
2025-03-23 21:07:32,052 - website_indexer - INFO - Processing: https://mykasher.com/products/kasher-360-5-pack-bundle
2025-03-23 21:07:32,303 - website_indexer - INFO - Saved: mykasher.com_20250323_210612/products/kasher-360---5-pack-bundle-–-mykasher.md
2025-03-23 21:07:33,305 - website_indexer - INFO - Processing: https://mykasher.com/products/kasher-360-titanium%C2%AE
2025-03-23 21:07:33,548 - website_indexer - INFO - Saved: mykasher.com_20250323_210612/products/titanium-kasher-360®---metallic-edition-–-mykasher.md
2025-03-23 21:07:34,552 - website_indexer - INFO - Processing: https://mykasher.com/products/kasher-360-3-pack
2025-03-23 21:07:34,709 - website_indexer - INFO - Saved: mykasher.com_20250323_210612/products/kasher-360---three-pack-bundle-–-mykasher.md
2025-03-23 21:07:35,716 - website_indexer - INFO - Processing: https://mykasher.com/products/kasher-metallic-black-gold-edition
2025-03-23 21:07:35,878 - website_indexer - INFO - Saved: mykasher.com_20250323_210612/products/kasher-metallic-•-metal-clipper-lighter-attachment-tool-–-mykasher.md
2025-03-23 21:07:36,881 - website_indexer - INFO - Processing: https://mykasher.com/collections/special-edition/products/sacred-geometry-kasher-lighter-attachment-poker
2025-03-23 21:07:37,023 - website_indexer - INFO - Saved: mykasher.com_20250323_210612/collections/special-edition/products/kasher-sacred-geometry-–-mykasher.md
2025-03-23 21:07:38,030 - website_indexer - INFO - Processing: https://mykasher.com/collections/special-edition/products/kasher-plus-cutout
2025-03-23 21:07:38,181 - website_indexer - INFO - Saved: mykasher.com_20250323_210612/collections/special-edition/products/kasher-cutout-–-mykasher.md
2025-03-23 21:07:39,184 - website_indexer - INFO - Processing: https://mykasher.com/collections/special-edition/products/mandala-kasher
2025-03-23 21:07:39,327 - website_indexer - INFO - Saved: mykasher.com_20250323_210612/collections/special-edition/products/kasher-mandala-–-mykasher.md
2025-03-23 21:07:40,334 - website_indexer - INFO - Processing: https://mykasher.com/collections/special-edition/products/american-flag-kasher-lighter-tool-bic-attachment-min-2
2025-03-23 21:07:40,471 - website_indexer - INFO - Saved: mykasher.com_20250323_210612/collections/special-edition/products/kasher-flag-–-mykasher.md
2025-03-23 21:07:41,478 - website_indexer - INFO - Processing: https://mykasher.com/collections/special-edition/products/zodiac-min-2
2025-03-23 21:07:41,653 - website_indexer - INFO - Saved: mykasher.com_20250323_210612/collections/special-edition/products/kasher-zodiac-–-mykasher.md
2025-03-23 21:07:42,658 - website_indexer - INFO - Processing: https://mykasher.com/collections/special-edition/products/kasher-city
2025-03-23 21:07:42,854 - website_indexer - INFO - Saved: mykasher.com_20250323_210612/collections/special-edition/products/kasher-seattle-–-mykasher.md
2025-03-23 21:07:43,861 - website_indexer - INFO - Processing: https://mykasher.com/collections/special-edition/products/angela-mazzanti-kasher
2025-03-23 21:07:44,076 - website_indexer - INFO - Saved: mykasher.com_20250323_210612/collections/special-edition/products/angela-mazzanti-–-mykasher.md
2025-03-23 21:07:45,083 - website_indexer - INFO - Processing: https://mykasher.com/collections/special-edition/products/cannabis-now-kasher
2025-03-23 21:07:45,230 - website_indexer - INFO - Saved: mykasher.com_20250323_210612/collections/special-edition/products/cannabis-now-kasher-–-mykasher.md
2025-03-23 21:07:46,237 - website_indexer - INFO - Processing: https://mykasher.com/collections/special-edition/products/kasher-bundle-3
2025-03-23 21:07:46,404 - website_indexer - INFO - Saved: mykasher.com_20250323_210612/collections/special-edition/products/kasher-bundle-#3-–-mykasher.md
2025-03-23 21:07:47,411 - website_indexer - INFO - Processing: https://mykasher.com/collections/special-edition/products/cheech-chong-kasher-necklace
2025-03-23 21:07:47,563 - website_indexer - INFO - Saved: mykasher.com_20250323_210612/collections/special-edition/products/cheech-&-chong-kasher-necklace-–-mykasher.md
2025-03-23 21:07:48,570 - website_indexer - INFO - Processing: https://mykasher.com/collections/shop-kasher/products/kashermetallic
2025-03-23 21:07:48,746 - website_indexer - INFO - Saved: mykasher.com_20250323_210612/collections/shop-kasher/products/kasher-metallic-•-metal-clipper-lighter-attachment-tool-–-mykasher.md
2025-03-23 21:07:49,753 - website_indexer - INFO - Processing: https://mykasher.com/collections/shop-kasher/products/mandala-kasher
2025-03-23 21:07:49,915 - website_indexer - INFO - Saved: mykasher.com_20250323_210612/collections/shop-kasher/products/kasher-mandala-–-mykasher.md
2025-03-23 21:07:50,919 - website_indexer - INFO - Processing: https://mykasher.com/collections/shop-kasher/products/kasher-plus-lighter-tool
2025-03-23 21:07:51,085 - website_indexer - INFO - Saved: mykasher.com_20250323_210612/collections/shop-kasher/products/kasher-classic-–-mykasher.md
2025-03-23 21:07:52,089 - website_indexer - INFO - Processing: https://mykasher.com/collections/shop-kasher/products/sacred-geometry-kasher-lighter-attachment-poker
2025-03-23 21:07:52,255 - website_indexer - INFO - Saved: mykasher.com_20250323_210612/collections/shop-kasher/products/kasher-sacred-geometry-–-mykasher.md
2025-03-23 21:07:53,262 - website_indexer - INFO - Processing: https://mykasher.com/collections/shop-kasher/products/kasher-necklace
2025-03-23 21:07:53,416 - website_indexer - INFO - Saved: mykasher.com_20250323_210612/collections/shop-kasher/products/kasher®-necklace-–-mykasher.md
2025-03-23 21:07:54,423 - website_indexer - INFO - Processing: https://mykasher.com/collections/shop-kasher/products/kasher-new-orleans
2025-03-23 21:07:54,595 - website_indexer - INFO - Saved: mykasher.com_20250323_210612/collections/shop-kasher/products/kasher-new-orleans-–-mykasher.md
2025-03-23 21:07:55,602 - website_indexer - INFO - Processing: https://mykasher.com/collections/shop-kasher/products/kasher-titanium
2025-03-23 21:07:55,865 - website_indexer - INFO - Saved: mykasher.com_20250323_210612/collections/shop-kasher/products/titanium-kasher-classic®---sandblasted-–-mykasher.md
2025-03-23 21:07:56,873 - website_indexer - INFO - Processing: https://mykasher.com/collections/shop-kasher/products/kasher-plus-cutout
2025-03-23 21:07:57,014 - website_indexer - INFO - Saved: mykasher.com_20250323_210612/collections/shop-kasher/products/kasher-cutout-–-mykasher.md
2025-03-23 21:07:58,021 - website_indexer - INFO - Processing: https://mykasher.com/collections/shop-kasher/products/kasher-eklipse-clipper-lighter-poker-extension-attachment
2025-03-23 21:07:58,165 - website_indexer - INFO - Saved: mykasher.com_20250323_210612/collections/shop-kasher/products/kasher-360-–-mykasher.md
2025-03-23 21:07:59,169 - website_indexer - INFO - Processing: https://mykasher.com/collections/shop-kasher/products/cheech-chong-kasher-classic
2025-03-23 21:07:59,297 - website_indexer - INFO - Saved: mykasher.com_20250323_210612/collections/shop-kasher/products/blue-cheech-&-chong-classic-kasher-–-mykasher.md
2025-03-23 21:08:00,304 - website_indexer - INFO - Processing: https://mykasher.com/collections/shop-kasher/products/cheech-chong-kasher-360
2025-03-23 21:08:00,448 - website_indexer - INFO - Saved: mykasher.com_20250323_210612/collections/shop-kasher/products/cheech-&-chong-kasher-360-–-mykasher.md
2025-03-23 21:08:01,452 - website_indexer - INFO - Processing: https://mykasher.com/collections/shop-kasher/products/cheech-chong-kasher-necklace
2025-03-23 21:08:01,639 - website_indexer - INFO - Saved: mykasher.com_20250323_210612/collections/shop-kasher/products/cheech-&-chong-kasher-necklace-–-mykasher.md
2025-03-23 21:08:02,646 - website_indexer - INFO - Processing: https://mykasher.com/collections/shop-kasher/products/black-cheech-chong-classic-kasher
2025-03-23 21:08:02,886 - website_indexer - INFO - Saved: mykasher.com_20250323_210612/collections/shop-kasher/products/cheech-&-chong-black-–-mykasher.md
2025-03-23 21:08:03,889 - website_indexer - INFO - Processing: https://mykasher.com/pages/privacy-policy
2025-03-23 21:08:04,014 - website_indexer - INFO - Saved: mykasher.com_20250323_210612/pages/privacy-policy-–-mykasher.md
2025-03-23 21:08:05,018 - website_indexer - INFO - Processing: https://mykasher.com/pages/return-policy
2025-03-23 21:08:05,152 - website_indexer - INFO - Saved: mykasher.com_20250323_210612/pages/return-policy-–-mykasher.md
2025-03-23 21:08:06,157 - website_indexer - INFO - Processing: https://mykasher.com/pages/terms-conditions
2025-03-23 21:08:06,290 - website_indexer - INFO - Saved: mykasher.com_20250323_210612/pages/terms-&-conditions-–-mykasher.md
2025-03-23 21:08:07,297 - website_indexer - INFO - Processing: https://mykasher.com/pages/private-label-terms-conditions
2025-03-23 21:08:07,427 - website_indexer - INFO - Saved: mykasher.com_20250323_210612/pages/private-label-terms-&-conditions-–-mykasher.md
2025-03-23 21:08:08,435 - website_indexer - INFO - Processing: https://mykasher.com/collections/kasher-vip-subscription-box/products/kasher-vip-subscription-box
2025-03-23 21:08:08,588 - website_indexer - INFO - Saved: mykasher.com_20250323_210612/collections/kasher-vip-subscription-box/products/kasher-vip-subscription-box-–-mykasher.md
2025-03-23 21:08:09,595 - website_indexer - INFO - Processing: https://mykasher.com/collections/bundles-3-5-10-packs/products/kasher-classic-3-pack
2025-03-23 21:08:09,749 - website_indexer - INFO - Saved: mykasher.com_20250323_210612/collections/bundles-3-5-10-packs/products/kasher-classic-3-pack-–-mykasher.md
2025-03-23 21:08:10,756 - website_indexer - INFO - Processing: https://mykasher.com/collections/bundles-3-5-10-packs/products/kasher-classic-5-pack
2025-03-23 21:08:10,910 - website_indexer - INFO - Saved: mykasher.com_20250323_210612/collections/bundles-3-5-10-packs/products/kasher-classic-5-pack-–-mykasher.md
2025-03-23 21:08:11,917 - website_indexer - INFO - Processing: https://mykasher.com/collections/bundles-3-5-10-packs/products/kasher-pipe-combo-kit
2025-03-23 21:08:12,078 - website_indexer - INFO - Saved: mykasher.com_20250323_210612/collections/bundles-3-5-10-packs/products/pipe-n'-a-kasher-–-mykasher.md
2025-03-23 21:08:13,083 - website_indexer - INFO - Processing: https://mykasher.com/collections/bundles-3-5-10-packs/products/kasher-classic-10-pack
2025-03-23 21:08:13,252 - website_indexer - INFO - Saved: mykasher.com_20250323_210612/collections/bundles-3-5-10-packs/products/kasher-classic-10-pack-–-mykasher.md
2025-03-23 21:08:14,260 - website_indexer - INFO - Processing: https://mykasher.com/collections/bundles-3-5-10-packs/products/kasher-vip-subscription-box
2025-03-23 21:08:14,423 - website_indexer - INFO - Saved: mykasher.com_20250323_210612/collections/bundles-3-5-10-packs/products/kasher-vip-subscription-box-–-mykasher.md
2025-03-23 21:08:15,430 - website_indexer - INFO - Processing: https://mykasher.com/collections/bundles-3-5-10-packs/products/cheech-chong-kasher-lighter-combo
2025-03-23 21:08:15,578 - website_indexer - INFO - Saved: mykasher.com_20250323_210612/collections/bundles-3-5-10-packs/products/cheech-&-chong-kasher-&-lighter-combo-–-mykasher.md
2025-03-23 21:08:16,584 - website_indexer - INFO - Processing: https://mykasher.com/collections/bundles-3-5-10-packs/products/kasher-360-3-pack
2025-03-23 21:08:16,835 - website_indexer - INFO - Saved: mykasher.com_20250323_210612/collections/bundles-3-5-10-packs/products/kasher-360---three-pack-bundle-–-mykasher.md
2025-03-23 21:08:17,843 - website_indexer - INFO - Processing: https://mykasher.com/collections/bundles-3-5-10-packs/products/kasher-bundle-3
2025-03-23 21:08:17,990 - website_indexer - INFO - Saved: mykasher.com_20250323_210612/collections/bundles-3-5-10-packs/products/kasher-bundle-#3-–-mykasher.md
2025-03-23 21:08:18,997 - website_indexer - INFO - Reached maximum number of pages: 100
2025-03-23 21:08:18,999 - website_indexer - INFO - Crawl complete!
2025-03-23 21:08:19,000 - website_indexer - INFO - Saved crawl statistics to mykasher.com_20250323_210612/crawl_stats.txt
2025-03-23 21:08:19,001 - website_indexer - INFO - Script completed successfully
